<?xml version="1.0" encoding="UTF-8"?>
<!-- Generated by org.testng.reporters.JUnitXMLReporter -->
<testsuite ignored="0" hostname="nikita-HLYL-WXX9" failures="0" tests="3" name="Test" time="12.012" errors="0" timestamp="2022-10-25T14:27:05 MSK">
  <testcase classname="allureReports.Tests" name="logoPresence" time="0.133"/>
  <testcase classname="allureReports.Tests" name="loginTest" time="4.396"/>
  <testcase classname="allureReports.Tests" name="registrationTest" time="0.007">
    <skipped/>
  </testcase> <!-- registrationTest -->
</testsuite> <!-- Test -->
