<?xml version="1.0" encoding="UTF-8"?>
<testng-results ignored="0" total="3" passed="2" failed="0" skipped="1">
  <reporter-output>
  </reporter-output>
  <suite started-at="2022-10-25T14:26:53 MSK" name="Suite" finished-at="2022-10-25T14:27:05 MSK" duration-ms="12012">
    <groups>
    </groups>
    <test started-at="2022-10-25T14:26:53 MSK" name="Test" finished-at="2022-10-25T14:27:05 MSK" duration-ms="12012">
      <class name="allureReports.Tests">
        <test-method is-config="true" signature="setUp()[pri:0, instance:allureReports.Tests@22df874e]" started-at="2022-10-25T14:26:53 MSK" name="setUp" finished-at="2022-10-25T14:27:00 MSK" duration-ms="7160" status="PASS">
          <reporter-output>
          </reporter-output>
        </test-method> <!-- setUp -->
        <test-method signature="logoPresence()[pri:1, instance:allureReports.Tests@22df874e]" started-at="2022-10-25T14:27:00 MSK" name="logoPresence" description="Verify Logo presence on Landing Page" finished-at="2022-10-25T14:27:00 MSK" duration-ms="133" status="PASS">
          <reporter-output>
          </reporter-output>
        </test-method> <!-- logoPresence -->
        <test-method signature="loginTest()[pri:2, instance:allureReports.Tests@22df874e]" started-at="2022-10-25T14:27:00 MSK" name="loginTest" description="Verify login" finished-at="2022-10-25T14:27:05 MSK" duration-ms="4396" status="PASS">
          <reporter-output>
          </reporter-output>
        </test-method> <!-- loginTest -->
        <test-method signature="registrationTest()[pri:3, instance:allureReports.Tests@22df874e]" started-at="2022-10-25T14:27:05 MSK" name="registrationTest" description="Verify user Registration" finished-at="2022-10-25T14:27:05 MSK" duration-ms="7" status="SKIP">
          <exception class="org.testng.SkipException">
            <message>
              <![CDATA[Skipping this Test]]>
            </message>
            <full-stacktrace>
              <![CDATA[org.testng.SkipException: Skipping this Test
at allureReports.Tests.registrationTest(Tests.java:73)
at java.base/jdk.internal.reflect.NativeMethodAccessorImpl.invoke0(Native Method)
at java.base/jdk.internal.reflect.NativeMethodAccessorImpl.invoke(NativeMethodAccessorImpl.java:62)
at java.base/jdk.internal.reflect.DelegatingMethodAccessorImpl.invoke(DelegatingMethodAccessorImpl.java:43)
at java.base/java.lang.reflect.Method.invoke(Method.java:566)
at org.testng.internal.MethodInvocationHelper.invokeMethod(MethodInvocationHelper.java:133)
at org.testng.internal.TestInvoker.invokeMethod(TestInvoker.java:584)
at org.testng.internal.TestInvoker.invokeTestMethod(TestInvoker.java:172)
at org.testng.internal.MethodRunner.runInSequence(MethodRunner.java:46)
at org.testng.internal.TestInvoker$MethodInvocationAgent.invoke(TestInvoker.java:804)
at org.testng.internal.TestInvoker.invokeTestMethods(TestInvoker.java:145)
at org.testng.internal.TestMethodWorker.invokeTestMethods(TestMethodWorker.java:146)
at org.testng.internal.TestMethodWorker.run(TestMethodWorker.java:128)
at java.base/java.util.ArrayList.forEach(ArrayList.java:1541)
at org.testng.TestRunner.privateRun(TestRunner.java:770)
at org.testng.TestRunner.run(TestRunner.java:591)
at org.testng.SuiteRunner.runTest(SuiteRunner.java:402)
at org.testng.SuiteRunner.runSequentially(SuiteRunner.java:396)
at org.testng.SuiteRunner.privateRun(SuiteRunner.java:355)
at org.testng.SuiteRunner.run(SuiteRunner.java:304)
at org.testng.SuiteRunnerWorker.runSuite(SuiteRunnerWorker.java:53)
at org.testng.SuiteRunnerWorker.run(SuiteRunnerWorker.java:96)
at org.testng.TestNG.runSuitesSequentially(TestNG.java:1180)
at org.testng.TestNG.runSuitesLocally(TestNG.java:1102)
at org.testng.TestNG.runSuites(TestNG.java:1032)
at org.testng.TestNG.run(TestNG.java:1000)
at org.apache.maven.surefire.testng.TestNGExecutor.run(TestNGExecutor.java:283)
at org.apache.maven.surefire.testng.TestNGXmlTestSuite.execute(TestNGXmlTestSuite.java:75)
at org.apache.maven.surefire.testng.TestNGProvider.invoke(TestNGProvider.java:120)
at org.apache.maven.surefire.booter.ForkedBooter.invokeProviderInSameClassLoader(ForkedBooter.java:386)
at org.apache.maven.surefire.booter.ForkedBooter.runSuitesInProcess(ForkedBooter.java:323)
at org.apache.maven.surefire.booter.ForkedBooter.main(ForkedBooter.java:143)
]]>
            </full-stacktrace>
          </exception> <!-- org.testng.SkipException -->
          <reporter-output>
          </reporter-output>
        </test-method> <!-- registrationTest -->
        <test-method is-config="true" signature="tearDown()[pri:0, instance:allureReports.Tests@22df874e]" started-at="2022-10-25T14:27:05 MSK" name="tearDown" finished-at="2022-10-25T14:27:05 MSK" duration-ms="141" status="PASS">
          <reporter-output>
          </reporter-output>
        </test-method> <!-- tearDown -->
      </class> <!-- allureReports.Tests -->
    </test> <!-- Test -->
  </suite> <!-- Suite -->
</testng-results>
